2022-04-14 18:55:54 INFO     Argument parser initialized.
2022-04-14 18:55:54 INFO     Arguments parsed: Namespace(directory=True, out=['C:\\Users\\lenovo\\Desktop\\Adhoora\\academics\\year3\\cs305\\assignment3\\test\\resources\\ou.xlsx'], path=['C:\\Users\\lenovo\\Desktop\\Adhoora\\academics\\year3\\cs305\\assignment3\\test\\resources'])
2022-04-14 18:55:54 INFO     Initializing App
2022-04-14 18:55:54 INFO     isDirectory: True, path:C:\Users\lenovo\Desktop\Adhoora\academics\year3\cs305\assignment3\test\resources, fileType: IMAGE, outFilePath: C:\Users\lenovo\Desktop\Adhoora\academics\year3\cs305\assignment3\test\resources\ou.xlsx
2022-04-14 18:55:56 WARNING  CUDA not available - defaulting to CPU. Note: This module is much faster with a GPU.
2022-04-14 18:56:05 INFO     ExcelOut initialised
2022-04-14 18:56:05 INFO     Files recieved: ['C:\\Users\\lenovo\\Desktop\\Adhoora\\academics\\year3\\cs305\\assignment3\\test\\resources\\test_1.jpg', 'C:\\Users\\lenovo\\Desktop\\Adhoora\\academics\\year3\\cs305\\assignment3\\test\\resources\\test_2.jpeg', 'C:\\Users\\lenovo\\Desktop\\Adhoora\\academics\\year3\\cs305\\assignment3\\test\\resources\\test_3.jpg', 'C:\\Users\\lenovo\\Desktop\\Adhoora\\academics\\year3\\cs305\\assignment3\\test\\resources\\test_4.jpeg', 'C:\\Users\\lenovo\\Desktop\\Adhoora\\academics\\year3\\cs305\\assignment3\\test\\resources\\test_5.jpg', 'C:\\Users\\lenovo\\Desktop\\Adhoora\\academics\\year3\\cs305\\assignment3\\test\\resources\\test_6.jpg']
2022-04-14 18:56:05 INFO     parseFiles called
2022-04-14 18:56:05 DEBUG    parseFiles called, files: ['C:\\Users\\lenovo\\Desktop\\Adhoora\\academics\\year3\\cs305\\assignment3\\test\\resources\\test_1.jpg', 'C:\\Users\\lenovo\\Desktop\\Adhoora\\academics\\year3\\cs305\\assignment3\\test\\resources\\test_2.jpeg', 'C:\\Users\\lenovo\\Desktop\\Adhoora\\academics\\year3\\cs305\\assignment3\\test\\resources\\test_3.jpg', 'C:\\Users\\lenovo\\Desktop\\Adhoora\\academics\\year3\\cs305\\assignment3\\test\\resources\\test_4.jpeg', 'C:\\Users\\lenovo\\Desktop\\Adhoora\\academics\\year3\\cs305\\assignment3\\test\\resources\\test_5.jpg', 'C:\\Users\\lenovo\\Desktop\\Adhoora\\academics\\year3\\cs305\\assignment3\\test\\resources\\test_6.jpg']
2022-04-14 18:56:05 DEBUG    parseFile called, filePath: C:\Users\lenovo\Desktop\Adhoora\academics\year3\cs305\assignment3\test\resources\test_1.jpg
2022-04-14 18:56:06 DEBUG    Importing BlpImagePlugin
2022-04-14 18:56:06 DEBUG    Importing BmpImagePlugin
2022-04-14 18:56:06 DEBUG    Importing BufrStubImagePlugin
2022-04-14 18:56:06 DEBUG    Importing CurImagePlugin
2022-04-14 18:56:06 DEBUG    Importing DcxImagePlugin
2022-04-14 18:56:06 DEBUG    Importing DdsImagePlugin
2022-04-14 18:56:06 DEBUG    Importing EpsImagePlugin
2022-04-14 18:56:06 DEBUG    Importing FitsStubImagePlugin
2022-04-14 18:56:06 DEBUG    Importing FliImagePlugin
2022-04-14 18:56:06 DEBUG    Importing FpxImagePlugin
2022-04-14 18:56:06 DEBUG    Image: failed to import FpxImagePlugin: No module named 'olefile'
2022-04-14 18:56:06 DEBUG    Importing FtexImagePlugin
2022-04-14 18:56:06 DEBUG    Importing GbrImagePlugin
2022-04-14 18:56:06 DEBUG    Importing GifImagePlugin
2022-04-14 18:56:06 DEBUG    Importing GribStubImagePlugin
2022-04-14 18:56:06 DEBUG    Importing Hdf5StubImagePlugin
2022-04-14 18:56:06 DEBUG    Importing IcnsImagePlugin
2022-04-14 18:56:06 DEBUG    Importing IcoImagePlugin
2022-04-14 18:56:06 DEBUG    Importing ImImagePlugin
2022-04-14 18:56:06 DEBUG    Importing ImtImagePlugin
2022-04-14 18:56:06 DEBUG    Importing IptcImagePlugin
2022-04-14 18:56:06 DEBUG    Importing JpegImagePlugin
2022-04-14 18:56:06 DEBUG    Importing Jpeg2KImagePlugin
2022-04-14 18:56:06 DEBUG    Importing McIdasImagePlugin
2022-04-14 18:56:06 DEBUG    Importing MicImagePlugin
2022-04-14 18:56:06 DEBUG    Image: failed to import MicImagePlugin: No module named 'olefile'
2022-04-14 18:56:06 DEBUG    Importing MpegImagePlugin
2022-04-14 18:56:06 DEBUG    Importing MpoImagePlugin
2022-04-14 18:56:06 DEBUG    Importing MspImagePlugin
2022-04-14 18:56:06 DEBUG    Importing PalmImagePlugin
2022-04-14 18:56:06 DEBUG    Importing PcdImagePlugin
2022-04-14 18:56:06 DEBUG    Importing PcxImagePlugin
2022-04-14 18:56:06 DEBUG    Importing PdfImagePlugin
2022-04-14 18:56:06 DEBUG    Importing PixarImagePlugin
2022-04-14 18:56:06 DEBUG    Importing PngImagePlugin
2022-04-14 18:56:06 DEBUG    Importing PpmImagePlugin
2022-04-14 18:56:06 DEBUG    Importing PsdImagePlugin
2022-04-14 18:56:06 DEBUG    Importing SgiImagePlugin
2022-04-14 18:56:06 DEBUG    Importing SpiderImagePlugin
2022-04-14 18:56:06 DEBUG    Importing SunImagePlugin
2022-04-14 18:56:06 DEBUG    Importing TgaImagePlugin
2022-04-14 18:56:06 DEBUG    Importing TiffImagePlugin
2022-04-14 18:56:06 DEBUG    Importing WebPImagePlugin
2022-04-14 18:56:06 DEBUG    Importing WmfImagePlugin
2022-04-14 18:56:06 DEBUG    Importing XbmImagePlugin
2022-04-14 18:56:06 DEBUG    Importing XpmImagePlugin
2022-04-14 18:56:06 DEBUG    Importing XVThumbImagePlugin
2022-04-14 18:56:06 DEBUG    maxVal: 1000000000.0
2022-04-14 18:56:06 DEBUG    fileEncoding.getEncoding(): []
2022-04-14 18:56:06 DEBUG    filetokens: []
2022-04-14 18:56:06 DEBUG    fileEncoding: <src.parse.ImageParser.FileEncoding.FileEncoding object at 0x000002090A770490>
2022-04-14 18:56:06 DEBUG    parseFile called, filePath: C:\Users\lenovo\Desktop\Adhoora\academics\year3\cs305\assignment3\test\resources\test_2.jpeg
2022-04-14 18:56:09 DEBUG    maxVal: 1000000000.0
2022-04-14 18:56:09 DEBUG    fileEncoding.getEncoding(): []
2022-04-14 18:56:09 DEBUG    filetokens: []
2022-04-14 18:56:09 DEBUG    fileEncoding: <src.parse.ImageParser.FileEncoding.FileEncoding object at 0x000002090E558BB0>
2022-04-14 18:56:09 DEBUG    parseFile called, filePath: C:\Users\lenovo\Desktop\Adhoora\academics\year3\cs305\assignment3\test\resources\test_3.jpg
2022-04-14 18:56:13 DEBUG    maxVal: 1000000000.0
2022-04-14 18:56:13 DEBUG    fileEncoding.getEncoding(): []
2022-04-14 18:56:13 DEBUG    filetokens: []
2022-04-14 18:56:13 DEBUG    fileEncoding: <src.parse.ImageParser.FileEncoding.FileEncoding object at 0x000002090A781700>
2022-04-14 18:56:13 DEBUG    parseFile called, filePath: C:\Users\lenovo\Desktop\Adhoora\academics\year3\cs305\assignment3\test\resources\test_4.jpeg
2022-04-14 18:56:16 DEBUG    maxVal: 1000000000.0
2022-04-14 18:56:16 DEBUG    fileEncoding.getEncoding(): []
2022-04-14 18:56:16 DEBUG    filetokens: []
2022-04-14 18:56:16 DEBUG    fileEncoding: <src.parse.ImageParser.FileEncoding.FileEncoding object at 0x000002090A781730>
2022-04-14 18:56:16 DEBUG    parseFile called, filePath: C:\Users\lenovo\Desktop\Adhoora\academics\year3\cs305\assignment3\test\resources\test_5.jpg
2022-04-14 18:56:17 DEBUG    maxVal: 1000000000.0
2022-04-14 18:56:17 DEBUG    fileEncoding.getEncoding(): []
2022-04-14 18:56:17 DEBUG    filetokens: []
2022-04-14 18:56:17 DEBUG    fileEncoding: <src.parse.ImageParser.FileEncoding.FileEncoding object at 0x000002090A781700>
2022-04-14 18:56:17 DEBUG    parseFile called, filePath: C:\Users\lenovo\Desktop\Adhoora\academics\year3\cs305\assignment3\test\resources\test_6.jpg
2022-04-14 18:56:22 DEBUG    maxVal: 1000000000.0
2022-04-14 18:56:22 DEBUG    fileEncoding.getEncoding(): []
2022-04-14 18:56:22 DEBUG    filetokens: []
2022-04-14 18:56:22 DEBUG    fileEncoding: <src.parse.ImageParser.FileEncoding.FileEncoding object at 0x000002090E5A5DC0>
